<?xml version="1.0" encoding="UTF-8"?>
<!-- Generated by org.testng.reporters.JUnitXMLReporter -->
<testsuite ignored="1" hostname="Laptop-Christian" failures="1" tests="1" name="Default test(failed)" time="0.092" errors="0" timestamp="2024-01-15T12:55:25 MEZ">
  <testcase classname="formsTesting.CircleTest" name="testCircumference" time="0.021">
    <failure type="java.lang.AssertionError" message="expected [31.41592653589793] but found [78.53981633974483]">
      <![CDATA[java.lang.AssertionError: expected [31.41592653589793] but found [78.53981633974483]
at formsTesting.CircleTest.testCircumference(CircleTest.java:18)
at java.base/java.util.ArrayList.forEach(ArrayList.java:1511)
... Removed 29 stack frames]]>
    </failure>
  </testcase> <!-- testCircumference -->
  <testcase classname="formsTesting.CircleTest" name="testArea" time="0.0">
    <ignored/>
  </testcase> <!-- testArea -->
</testsuite> <!-- Default test(failed) -->
